<?xml version="1.0" encoding="UTF-8"?>
<!-- Generated by org.testng.reporters.JUnitReportReporter -->
<testsuite hostname="vm-lab21-4-372" failures="0" tests="4" name="testCases.OurProductsTestCases" time="44.846" errors="0" timestamp="2024-10-08T11:38:29 UTC" skipped="0">
  <testcase classname="testCases.OurProductsTestCases" name="AdvantageAddToCart" time="13.058"/>
  <testcase classname="testCases.OurProductsTestCases" name="AdvantageFilteredProduct" time="11.618"/>
  <testcase classname="testCases.OurProductsTestCases" name="AdvantageHoverAndPrintReview" time="7.648"/>
  <testcase classname="testCases.OurProductsTestCases" name="AdvantagePlayVideoAndVerifyPlayback" time="12.522"/>
</testsuite> <!-- testCases.OurProductsTestCases -->
