<?xml version="1.0" encoding="UTF-8"?>
<!-- Generated by org.testng.reporters.JUnitReportReporter -->
<testsuite hostname="vm-lab21-4-372" failures="0" tests="4" name="testCases.AboutFooterTestCases" time="19.248" errors="0" timestamp="2024-10-08T11:38:29 UTC" skipped="0">
  <testcase classname="testCases.AboutFooterTestCases" name="testFacebookLink" time="6.307"/>
  <testcase classname="testCases.AboutFooterTestCases" name="testHelpManagementNavigation" time="0.889"/>
  <testcase classname="testCases.AboutFooterTestCases" name="testHelpVersionNavigation" time="3.194"/>
  <testcase classname="testCases.AboutFooterTestCases" name="testHelpAboutNavigation" time="8.858"/>
</testsuite> <!-- testCases.AboutFooterTestCases -->
