<?xml version="1.0" encoding="UTF-8"?>
<!-- Generated by org.testng.reporters.JUnitReportReporter -->
<testsuite hostname="vm-lab21-17-372" failures="0" tests="9" name="RestApi.DummyJsonQuotes" time="9.218" errors="0" timestamp="2024-10-07T19:11:00 UTC" skipped="0">
  <testcase classname="RestApi.DummyJsonQuotes" name="testGetSingleQuote" time="0.762"/>
  <testcase classname="RestApi.DummyJsonQuotes" name="testSingleQuoteSchemaValidation" time="0.672"/>
  <testcase classname="RestApi.DummyJsonQuotes" name="testGetRandomQuote" time="0.740"/>
  <testcase classname="RestApi.DummyJsonQuotes" name="testLimitAndSkipQuotes" time="0.851"/>
  <testcase classname="RestApi.DummyJsonQuotes" name="testGetRandomQuoteWithLength" time="0.782"/>
  <testcase classname="RestApi.DummyJsonQuotes" name="testQuoteSchemaValidation" time="1.309"/>
  <testcase classname="RestApi.DummyJsonQuotes" name="testGetQuotes" time="2.682"/>
  <testcase classname="RestApi.DummyJsonQuotes" name="testLimitZeroQuotes" time="0.686"/>
  <testcase classname="RestApi.DummyJsonQuotes" name="testGetSpecificQuote" time="0.734"/>
</testsuite> <!-- RestApi.DummyJsonQuotes -->
