<?xml version="1.0" encoding="UTF-8"?>
<!-- Generated by org.testng.reporters.JUnitReportReporter -->
<testsuite hostname="vm-lab21-4-372" failures="0" tests="5" name="testCases.AccountSignInTestCases" time="62.086" errors="0" timestamp="2024-10-08T11:38:29 UTC" skipped="0">
  <testcase classname="testCases.AccountSignInTestCases" name="testUserLinkRedirection" time="3.296"/>
  <testcase classname="testCases.AccountSignInTestCases" name="testloginandlogout" time="13.747"/>
  <testcase classname="testCases.AccountSignInTestCases" name="testCreateNewUserRedirection" time="7.305"/>
  <testcase classname="testCases.AccountSignInTestCases" name="testSignInWithFacebook" time="4.145"/>
  <testcase classname="testCases.AccountSignInTestCases" name="testCreateNewUser" time="33.593"/>
</testsuite> <!-- testCases.AccountSignInTestCases -->
