<?xml version="1.0" encoding="UTF-8"?>
<!-- Generated by org.testng.reporters.JUnitReportReporter -->
<testsuite hostname="vm-lab21-1-372" failures="0" tests="4" name="testCases.OurProductsTestCasesPF" time="44.941" errors="0" timestamp="2024-10-07T04:17:58 UTC" skipped="0">
  <testcase classname="testCases.OurProductsTestCasesPF" name="AdvantageAddToCart" time="13.083"/>
  <system-out/>
  <testcase classname="testCases.OurProductsTestCasesPF" name="AdvantageFilteredProduct" time="11.515"/>
  <system-out/>
  <testcase classname="testCases.OurProductsTestCasesPF" name="AdvantageHoverAndPrintReview" time="7.794"/>
  <system-out/>
  <testcase classname="testCases.OurProductsTestCasesPF" name="AdvantagePlayVideoAndVerifyPlayback" time="12.549"/>
  <system-out/>
</testsuite> <!-- testCases.OurProductsTestCasesPF -->
