<?xml version="1.0" encoding="UTF-8"?>
<!-- Generated by org.testng.reporters.JUnitReportReporter -->
<testsuite hostname="vm-lab21-4-372" failures="0" tests="4" name="testCases.ContactSearchTestCases" time="50.755" errors="0" timestamp="2024-10-08T11:38:29 UTC" skipped="0">
  <testcase classname="testCases.ContactSearchTestCases" name="IconsCheck" time="8.000"/>
  <testcase classname="testCases.ContactSearchTestCases" name="ContactUsCheck" time="19.205"/>
  <testcase classname="testCases.ContactSearchTestCases" name="SearchDefect" time="4.920"/>
  <testcase classname="testCases.ContactSearchTestCases" name="SearchCheck" time="18.630"/>
</testsuite> <!-- testCases.ContactSearchTestCases -->
